<?xml version="1.0" encoding="UTF-8"?>
<testng-results skipped="0" failed="0" ignored="0" total="1" passed="1">
  <reporter-output>
  </reporter-output>
  <suite name="Default suite" duration-ms="32472" started-at="2020-01-29T20:49:12 IST" finished-at="2020-01-29T20:49:44 IST">
    <groups>
    </groups>
    <test name="Default test" duration-ms="32472" started-at="2020-01-29T20:49:12 IST" finished-at="2020-01-29T20:49:44 IST">
      <class name="com.test.GoogleTitleTest">
        <test-method status="PASS" signature="setUP()[pri:0, instance:com.test.GoogleTitleTest@5abca1e0]" name="setUP" is-config="true" duration-ms="31597" started-at="2020-01-29T20:49:12 IST" finished-at="2020-01-29T20:49:43 IST">
          <reporter-output>
          </reporter-output>
        </test-method> <!-- setUP -->
        <test-method status="PASS" signature="googleTitleTest()[pri:0, instance:com.test.GoogleTitleTest@5abca1e0]" name="googleTitleTest" duration-ms="60" started-at="2020-01-29T20:49:43 IST" finished-at="2020-01-29T20:49:43 IST">
          <reporter-output>
          </reporter-output>
        </test-method> <!-- googleTitleTest -->
        <test-method status="PASS" signature="tearDown()[pri:0, instance:com.test.GoogleTitleTest@5abca1e0]" name="tearDown" is-config="true" duration-ms="737" started-at="2020-01-29T20:49:43 IST" finished-at="2020-01-29T20:49:44 IST">
          <reporter-output>
          </reporter-output>
        </test-method> <!-- tearDown -->
      </class> <!-- com.test.GoogleTitleTest -->
    </test> <!-- Default test -->
  </suite> <!-- Default suite -->
</testng-results>
